<?xml version="1.0" encoding="UTF-8"?>
<!-- Generated by org.testng.reporters.JUnitReportReporter -->
<testsuite hostname="user-PC" name="com.selenium1.GmailChatBox" tests="1" failures="0" timestamp="15 Jul 2014 06:49:17 GMT" time="44.879" errors="0">
  <testcase name="chatlist" time="44.879" classname="com.selenium1.GmailChatBox"/>
</testsuite> <!-- com.selenium1.GmailChatBox -->
