<?xml version="1.0" encoding="UTF-8"?>
<!-- Generated by org.testng.reporters.JUnitReportReporter -->
<testsuite hostname="user-PC" name="com.selenium1.LimitedTestcases" tests="3" failures="0" timestamp="14 Jul 2014 15:53:18 GMT" time="0.013" errors="0">
  <testcase name="at_loginBlank" time="0.000" classname="com.selenium1.LimitedTestcases"/>
  <testcase name="at_loginInValid" time="0.001" classname="com.selenium1.LimitedTestcases"/>
  <testcase name="at_loginValid" time="0.012" classname="com.selenium1.LimitedTestcases"/>
</testsuite> <!-- com.selenium1.LimitedTestcases -->
